OpenROAD 0.9.0 1415572a73
This program is licensed under the BSD-3 license. See the LICENSE file for details.
Components of this program may be licensed under more restrictive licenses which must be honored.
Notice 0: Reading LEF file:  /project/openlane/user_proj_example/runs/user_proj_example/tmp/merged_unpadded.lef
Notice 0:     Created 13 technology layers
Notice 0:     Created 25 technology vias
Notice 0:     Created 440 library cells
Notice 0: Finished LEF file:  /project/openlane/user_proj_example/runs/user_proj_example/tmp/merged_unpadded.lef
Notice 0: 
Reading DEF file: /project/openlane/user_proj_example/runs/user_proj_example/tmp/floorplan/10-pdn.def
Notice 0: Design: user_proj_example
Notice 0: 		Created 100000 Insts
Notice 0: 		Created 100000 Nets
Notice 0:     Created 644 pins.
Notice 0:     Created 116811 components and 853796 component-terminals.
Notice 0:     Created 8 special nets and 0 connections.
Notice 0:     Created 109619 nets and 400682 connections.
Notice 0: Finished DEF file: /project/openlane/user_proj_example/runs/user_proj_example/tmp/floorplan/10-pdn.def
[INFO GPL-0002] DBU: 1000
[INFO GPL-0003] SiteSize: 460 2720
[INFO GPL-0004] CoreAreaLxLy: 5520 10880
[INFO GPL-0005] CoreAreaUxUy: 894240 587520
[INFO GPL-0006] NumInstances: 116811
[INFO GPL-0007] NumPlaceInstances: 109220
[INFO GPL-0008] NumFixedInstances: 7591
[INFO GPL-0009] NumDummyInstances: 0
[INFO GPL-0010] NumNets: 109619
[INFO GPL-0011] NumPins: 401318
[INFO GPL-0012] DieAreaLxLy: 0 0
[INFO GPL-0013] DieAreaUxUy: 900000 600000
[INFO GPL-0014] CoreAreaLxLy: 5520 10880
[INFO GPL-0015] CoreAreaUxUy: 894240 587520
[INFO GPL-0016] CoreArea: 512471500800
[INFO GPL-0017] NonPlaceInstsArea: 10558876800
[INFO GPL-0018] PlaceInstsArea: 1062619136000
[INFO GPL-0019] Util(%): 211.71
[INFO GPL-0020] StdInstsArea: 1062619136000
[INFO GPL-0021] MacroInstsArea: 0
[ERROR GPL-0301] Error: Util exceeds 100%.
       Please double-check your die/row size
Error: or_replace.tcl, 92 GPL-0301
