
29. Printing statistics.

=== user_proj_example ===

   Number of wires:             109001
   Number of wire bits:         109619
   Number of public wires:       26454
   Number of public wire bits:   27072
   Number of memories:               0
   Number of memory bits:            0
   Number of processes:              0
   Number of cells:             109220
     sky130_fd_sc_hd__a2111o_2       3
     sky130_fd_sc_hd__a211o_2        3
     sky130_fd_sc_hd__a21bo_2        2
     sky130_fd_sc_hd__a21boi_2       1
     sky130_fd_sc_hd__a21o_2        29
     sky130_fd_sc_hd__a21oi_2       53
     sky130_fd_sc_hd__a221o_2       13
     sky130_fd_sc_hd__a22o_2       675
     sky130_fd_sc_hd__a22oi_2        7
     sky130_fd_sc_hd__a2bb2o_2   12670
     sky130_fd_sc_hd__a2bb2oi_2    167
     sky130_fd_sc_hd__a31o_2        35
     sky130_fd_sc_hd__a31oi_2        2
     sky130_fd_sc_hd__a32o_2      1039
     sky130_fd_sc_hd__a41o_2         4
     sky130_fd_sc_hd__and2_2      4390
     sky130_fd_sc_hd__and2b_2      574
     sky130_fd_sc_hd__and3_2        24
     sky130_fd_sc_hd__and3b_2        1
     sky130_fd_sc_hd__and4_2         3
     sky130_fd_sc_hd__and4b_2        4
     sky130_fd_sc_hd__buf_1      10988
     sky130_fd_sc_hd__buf_2         16
     sky130_fd_sc_hd__bufinv_8       2
     sky130_fd_sc_hd__conb_1       204
     sky130_fd_sc_hd__dfxtp_2    13669
     sky130_fd_sc_hd__inv_2      18977
     sky130_fd_sc_hd__mux2_1       531
     sky130_fd_sc_hd__mux2_2         7
     sky130_fd_sc_hd__mux4_1       192
     sky130_fd_sc_hd__nand2_2     1032
     sky130_fd_sc_hd__nand3b_2       1
     sky130_fd_sc_hd__nand4b_2       2
     sky130_fd_sc_hd__nor2_2      5465
     sky130_fd_sc_hd__nor2b_2        4
     sky130_fd_sc_hd__nor3_2         1
     sky130_fd_sc_hd__nor4_2         2
     sky130_fd_sc_hd__o2111a_2       7
     sky130_fd_sc_hd__o2111ai_2      2
     sky130_fd_sc_hd__o211a_2       12
     sky130_fd_sc_hd__o21a_2        52
     sky130_fd_sc_hd__o21ai_2       60
     sky130_fd_sc_hd__o21ba_2       11
     sky130_fd_sc_hd__o21bai_2       8
     sky130_fd_sc_hd__o221a_2       59
     sky130_fd_sc_hd__o221ai_2      13
     sky130_fd_sc_hd__o22a_2     15071
     sky130_fd_sc_hd__o22ai_2       31
     sky130_fd_sc_hd__o2bb2a_2   18945
     sky130_fd_sc_hd__o2bb2ai_2      3
     sky130_fd_sc_hd__o311a_2        1
     sky130_fd_sc_hd__o31a_2         3
     sky130_fd_sc_hd__o31ai_2        2
     sky130_fd_sc_hd__o32a_2       995
     sky130_fd_sc_hd__or2_2       1001
     sky130_fd_sc_hd__or2_4          2
     sky130_fd_sc_hd__or2b_2      2036
     sky130_fd_sc_hd__or3_2         35
     sky130_fd_sc_hd__or3_4          6
     sky130_fd_sc_hd__or3b_2         5
     sky130_fd_sc_hd__or4_2         22
     sky130_fd_sc_hd__or4_4         18
     sky130_fd_sc_hd__or4b_2        25
     sky130_fd_sc_hd__or4bb_2        3

   Chip area for module '\user_proj_example': 1062619.136001

