OpenROAD 0.9.0 1415572a73
This program is licensed under the BSD-3 license. See the LICENSE file for details.
Components of this program may be licensed under more restrictive licenses which must be honored.
Warning: /localtmp/asic/pdks/sky130A/libs.ref/sky130_fd_sc_hd/lib/sky130_fd_sc_hd__tt_025C_1v80.lib line 31, default_operating_condition tt_025C_1v80 not found.
Notice 0: Reading LEF file:  /project/openlane/user_proj_example/runs/user_proj_example/tmp/merged_unpadded.lef
Notice 0:     Created 13 technology layers
Notice 0:     Created 25 technology vias
Notice 0:     Created 440 library cells
Notice 0: Finished LEF file:  /project/openlane/user_proj_example/runs/user_proj_example/tmp/merged_unpadded.lef
Notice 0: 
Reading DEF file: /project/openlane/user_proj_example/runs/user_proj_example/tmp/floorplan/7-pdn.def
Notice 0: Design: user_proj_example
Notice 0: 		Created 100000 Insts
Notice 0: 		Created 100000 Nets
Notice 0:     Created 638 pins.
Notice 0:     Created 116811 components and 853796 component-terminals.
Notice 0:     Created 2 special nets and 0 connections.
Notice 0:     Created 109619 nets and 400682 connections.
Notice 0: Finished DEF file: /project/openlane/user_proj_example/runs/user_proj_example/tmp/floorplan/7-pdn.def
[INFO] [PDNG-0016] Power Delivery Network Generator: Generating PDN
[INFO] [PDNG-0016]   config: /localtmp/asic/pdks/sky130A/libs.tech/openlane/common_pdn.tcl
[INFO] [PDNG-0008] Design Name is user_proj_example
[INFO] [PDNG-0009] Reading technology data
[INFO] [PDNG-0011] ****** INFO ******
Type: stdcell, grid
    Stdcell Rails
    Straps
      Layer: met4 -  width: 1.600  pitch: 153.600  offset: 19.620 
    Connect: 
Type: macro, macro_1
    Macro orientation: R0 R180 MX MY R90 R270 MXR90 MYR90
    Straps
    Connect: {met4_PIN_ver met5}
[INFO] [PDNG-0012] **** END INFO ****
[INFO] [PDNG-0013] Inserting stdcell grid - grid
[INFO] [PDNG-0015] Writing to database
[WARNING PSM-0016] Voltage pad location (vsrc) file not specified, defaulting pad location to checkerboard pattern on core area.
[WARNING PSM-0017] X direction bump pitch is not specified, defaulting to 140um.
[WARNING PSM-0018] Y direction bump pitch is not specified, defaulting to 140um.
[WARNING PSM-0019] Voltage on net vccd2 is not explicitly set.
[WARNING PSM-0022] Using voltage 0.000V for VDD network.
[INFO PSM-0026] Creating G matrix.
[INFO PSM-0028] Extracting power stripes on net vccd2.
[WARNING PSM-0030] Vsrc location at (5.520um, 10.880um) and size =10.000um, is not located on a power stripe. Moving to closest stripe at (21.600um, 299.200um).
[WARNING PSM-0030] Vsrc location at (145.520um, 10.880um) and size =10.000um, is not located on a power stripe. Moving to closest stripe at (172.800um, 299.200um).
[WARNING PSM-0030] Vsrc location at (285.520um, 10.880um) and size =10.000um, is not located on a power stripe. Moving to closest stripe at (329.400um, 299.200um).
[WARNING PSM-0030] Vsrc location at (425.520um, 10.880um) and size =10.000um, is not located on a power stripe. Moving to closest stripe at (480.600um, 299.200um).
[WARNING PSM-0030] Vsrc location at (565.520um, 10.880um) and size =10.000um, is not located on a power stripe. Moving to closest stripe at (637.200um, 299.200um).
[WARNING PSM-0030] Vsrc location at (705.520um, 10.880um) and size =10.000um, is not located on a power stripe. Moving to closest stripe at (637.200um, 299.200um).
[WARNING PSM-0030] Vsrc location at (845.520um, 10.880um) and size =10.000um, is not located on a power stripe. Moving to closest stripe at (793.800um, 299.200um).
[WARNING PSM-0030] Vsrc location at (285.520um, 150.880um) and size =10.000um, is not located on a power stripe. Moving to closest stripe at (329.400um, 299.200um).
[WARNING PSM-0030] Vsrc location at (425.520um, 150.880um) and size =10.000um, is not located on a power stripe. Moving to closest stripe at (480.600um, 299.200um).
[WARNING PSM-0030] Vsrc location at (565.520um, 150.880um) and size =10.000um, is not located on a power stripe. Moving to closest stripe at (637.200um, 299.200um).
[WARNING PSM-0030] Vsrc location at (705.520um, 150.880um) and size =10.000um, is not located on a power stripe. Moving to closest stripe at (637.200um, 299.200um).
[WARNING PSM-0030] Vsrc location at (845.520um, 150.880um) and size =10.000um, is not located on a power stripe. Moving to closest stripe at (793.800um, 299.200um).
[WARNING PSM-0030] Vsrc location at (565.520um, 290.880um) and size =10.000um, is not located on a power stripe. Moving to closest stripe at (637.200um, 299.200um).
[WARNING PSM-0030] Vsrc location at (705.520um, 290.880um) and size =10.000um, is not located on a power stripe. Moving to closest stripe at (637.200um, 299.200um).
[WARNING PSM-0030] Vsrc location at (845.520um, 290.880um) and size =10.000um, is not located on a power stripe. Moving to closest stripe at (793.800um, 299.200um).
[WARNING PSM-0030] Vsrc location at (5.520um, 430.880um) and size =10.000um, is not located on a power stripe. Moving to closest stripe at (21.600um, 299.200um).
[WARNING PSM-0030] Vsrc location at (145.520um, 430.880um) and size =10.000um, is not located on a power stripe. Moving to closest stripe at (172.800um, 299.200um).
[WARNING PSM-0030] Vsrc location at (285.520um, 430.880um) and size =10.000um, is not located on a power stripe. Moving to closest stripe at (329.400um, 299.200um).
[WARNING PSM-0030] Vsrc location at (425.520um, 430.880um) and size =10.000um, is not located on a power stripe. Moving to closest stripe at (480.600um, 299.200um).
[WARNING PSM-0030] Vsrc location at (565.520um, 430.880um) and size =10.000um, is not located on a power stripe. Moving to closest stripe at (637.200um, 299.200um).
[WARNING PSM-0030] Vsrc location at (705.520um, 430.880um) and size =10.000um, is not located on a power stripe. Moving to closest stripe at (637.200um, 299.200um).
[WARNING PSM-0030] Vsrc location at (845.520um, 430.880um) and size =10.000um, is not located on a power stripe. Moving to closest stripe at (793.800um, 299.200um).
[WARNING PSM-0030] Vsrc location at (285.520um, 570.880um) and size =10.000um, is not located on a power stripe. Moving to closest stripe at (329.400um, 299.200um).
[WARNING PSM-0030] Vsrc location at (425.520um, 570.880um) and size =10.000um, is not located on a power stripe. Moving to closest stripe at (480.600um, 299.200um).
[WARNING PSM-0030] Vsrc location at (565.520um, 570.880um) and size =10.000um, is not located on a power stripe. Moving to closest stripe at (637.200um, 299.200um).
[WARNING PSM-0030] Vsrc location at (705.520um, 570.880um) and size =10.000um, is not located on a power stripe. Moving to closest stripe at (637.200um, 299.200um).
[WARNING PSM-0030] Vsrc location at (845.520um, 570.880um) and size =10.000um, is not located on a power stripe. Moving to closest stripe at (793.800um, 299.200um).
[INFO PSM-0031] Number of nodes on net vccd2 = 9.
[INFO PSM-0037] G matrix created sucessfully.
[INFO PSM-0040] Connection between all PDN nodes established in net vccd2.
[WARNING PSM-0016] Voltage pad location (vsrc) file not specified, defaulting pad location to checkerboard pattern on core area.
[WARNING PSM-0017] X direction bump pitch is not specified, defaulting to 140um.
[WARNING PSM-0018] Y direction bump pitch is not specified, defaulting to 140um.
[WARNING PSM-0019] Voltage on net vssd2 is not explicitly set.
[WARNING PSM-0021] Using voltage 0.000V for ground network.
[INFO PSM-0026] Creating G matrix.
[INFO PSM-0028] Extracting power stripes on net vssd2.
[WARNING PSM-0030] Vsrc location at (5.520um, 10.880um) and size =10.000um, is not located on a power stripe. Moving to closest stripe at (97.200um, 299.200um).
[WARNING PSM-0030] Vsrc location at (145.520um, 10.880um) and size =10.000um, is not located on a power stripe. Moving to closest stripe at (102.600um, 299.200um).
[WARNING PSM-0030] Vsrc location at (285.520um, 10.880um) and size =10.000um, is not located on a power stripe. Moving to closest stripe at (253.800um, 299.200um).
[WARNING PSM-0030] Vsrc location at (425.520um, 10.880um) and size =10.000um, is not located on a power stripe. Moving to closest stripe at (405.000um, 299.200um).
[WARNING PSM-0030] Vsrc location at (705.520um, 10.880um) and size =10.000um, is not located on a power stripe. Moving to closest stripe at (712.800um, 299.200um).
[WARNING PSM-0030] Vsrc location at (845.520um, 10.880um) and size =10.000um, is not located on a power stripe. Moving to closest stripe at (864.000um, 299.200um).
[WARNING PSM-0030] Vsrc location at (285.520um, 150.880um) and size =10.000um, is not located on a power stripe. Moving to closest stripe at (253.800um, 299.200um).
[WARNING PSM-0030] Vsrc location at (425.520um, 150.880um) and size =10.000um, is not located on a power stripe. Moving to closest stripe at (405.000um, 299.200um).
[WARNING PSM-0030] Vsrc location at (705.520um, 150.880um) and size =10.000um, is not located on a power stripe. Moving to closest stripe at (712.800um, 299.200um).
[WARNING PSM-0030] Vsrc location at (845.520um, 150.880um) and size =10.000um, is not located on a power stripe. Moving to closest stripe at (864.000um, 299.200um).
[WARNING PSM-0030] Vsrc location at (705.520um, 290.880um) and size =10.000um, is not located on a power stripe. Moving to closest stripe at (712.800um, 299.200um).
[WARNING PSM-0030] Vsrc location at (845.520um, 290.880um) and size =10.000um, is not located on a power stripe. Moving to closest stripe at (864.000um, 299.200um).
[WARNING PSM-0030] Vsrc location at (5.520um, 430.880um) and size =10.000um, is not located on a power stripe. Moving to closest stripe at (97.200um, 299.200um).
[WARNING PSM-0030] Vsrc location at (145.520um, 430.880um) and size =10.000um, is not located on a power stripe. Moving to closest stripe at (102.600um, 299.200um).
[WARNING PSM-0030] Vsrc location at (285.520um, 430.880um) and size =10.000um, is not located on a power stripe. Moving to closest stripe at (253.800um, 299.200um).
[WARNING PSM-0030] Vsrc location at (425.520um, 430.880um) and size =10.000um, is not located on a power stripe. Moving to closest stripe at (405.000um, 299.200um).
[WARNING PSM-0030] Vsrc location at (705.520um, 430.880um) and size =10.000um, is not located on a power stripe. Moving to closest stripe at (712.800um, 299.200um).
[WARNING PSM-0030] Vsrc location at (845.520um, 430.880um) and size =10.000um, is not located on a power stripe. Moving to closest stripe at (864.000um, 299.200um).
[WARNING PSM-0030] Vsrc location at (285.520um, 570.880um) and size =10.000um, is not located on a power stripe. Moving to closest stripe at (253.800um, 299.200um).
[WARNING PSM-0030] Vsrc location at (425.520um, 570.880um) and size =10.000um, is not located on a power stripe. Moving to closest stripe at (405.000um, 299.200um).
[WARNING PSM-0030] Vsrc location at (705.520um, 570.880um) and size =10.000um, is not located on a power stripe. Moving to closest stripe at (712.800um, 299.200um).
[WARNING PSM-0030] Vsrc location at (845.520um, 570.880um) and size =10.000um, is not located on a power stripe. Moving to closest stripe at (864.000um, 299.200um).
[INFO PSM-0031] Number of nodes on net vssd2 = 8.
[INFO PSM-0037] G matrix created sucessfully.
[INFO PSM-0040] Connection between all PDN nodes established in net vssd2.
